#
# A fatal error has been detected by the Java Runtime Environment:
#
#  EXCEPTION_ACCESS_VIOLATION (0xc0000005) at pc=0x00007fff12180bf2, pid=31112, tid=45072
#
# JRE version: OpenJDK Runtime Environment Temurin-17.0.12+7 (17.0.12+7) (build 17.0.12+7)
# Java VM: OpenJDK 64-Bit Server VM Temurin-17.0.12+7 (17.0.12+7, mixed mode, tiered, compressed oops, compressed class ptrs, parallel gc, windows-amd64)
# Problematic frame:
# V  [jvm.dll+0x230bf2]
#
# No core dump will be written. Minidumps are not enabled by default on client versions of Windows
#
# If you would like to submit a bug report, please visit:
#   https://github.com/adoptium/adoptium-support/issues
#

---------------  S U M M A R Y ------------

Command Line: --add-modules=ALL-SYSTEM --add-opens=java.base/java.util=ALL-UNNAMED --add-opens=java.base/java.lang=ALL-UNNAMED --add-opens=java.base/sun.nio.fs=ALL-UNNAMED -Declipse.application=org.eclipse.jdt.ls.core.id1 -Dosgi.bundles.defaultStartLevel=4 -Declipse.product=org.eclipse.jdt.ls.core.product -Djava.import.generatesMetadataFilesAtProjectRoot=false -DDetectVMInstallationsJob.disabled=true -Dfile.encoding=utf8 -XX:+UseParallelGC -XX:GCTimeRatio=4 -XX:AdaptiveSizePolicyWeight=90 -Dsun.zip.disableMemoryMapping=true -Xmx1G -Xms100m -Xlog:disable -javaagent:c:\Users\tiago\.vscode\extensions\redhat.java-1.35.1-win32-x64\lombok\lombok-1.18.33.jar -XX:+HeapDumpOnOutOfMemoryError -XX:HeapDumpPath=c:\Users\tiago\AppData\Roaming\Code\User\workspaceStorage\d55c5b0a1ce40f9e1d8919e6635a25f2\redhat.java -Daether.dependencyCollector.impl=bf c:\Users\tiago\.vscode\extensions\redhat.java-1.35.1-win32-x64\server\plugins\org.eclipse.equinox.launcher_1.6.900.v20240613-2009.jar -configuration c:\Users\tiago\AppData\Roaming\Code\User\globalStorage\redhat.java\1.35.1\config_win -data c:\Users\tiago\AppData\Roaming\Code\User\workspaceStorage\d55c5b0a1ce40f9e1d8919e6635a25f2\redhat.java\jdt_ws --pipe=\\.\pipe\lsp-ac31cb10eae56c52ef5a38816bbb567b-sock

Host: AMD Ryzen 7 7735HS with Radeon Graphics        , 16 cores, 7G,  Windows 11 , 64 bit Build 22621 (10.0.22621.3958)
Time: Fri Oct 25 00:24:40 2024 GMT Daylight Time elapsed time: 41064.018227 seconds (0d 11h 24m 24s)

---------------  T H R E A D  ---------------

Current thread (0x00000284c78e9980):  VMThread "VM Thread" [stack: 0x000000a285700000,0x000000a285800000] [id=45072]

Stack: [0x000000a285700000,0x000000a285800000],  sp=0x000000a2857fddb0,  free space=1015k
Native frames: (J=compiled Java code, j=interpreted, Vv=VM code, C=native code)
V  [jvm.dll+0x230bf2]
V  [jvm.dll+0x231ce3]
V  [jvm.dll+0x6556e8]
V  [jvm.dll+0x2048ee]
V  [jvm.dll+0x6b9a7b]
V  [jvm.dll+0x6b9048]
V  [jvm.dll+0x6beae1]
V  [jvm.dll+0x68aca3]
V  [jvm.dll+0x6c01f4]
V  [jvm.dll+0x83d7dd]
V  [jvm.dll+0x83e522]
V  [jvm.dll+0x83ea4f]
V  [jvm.dll+0x83ee34]
V  [jvm.dll+0x83ef00]
V  [jvm.dll+0x7e65dc]
V  [jvm.dll+0x67e7f7]
C  [ucrtbase.dll+0x29333]
C  [KERNEL32.DLL+0x1257d]
C  [ntdll.dll+0x5af28]


siginfo: EXCEPTION_ACCESS_VIOLATION (0xc0000005), reading address 0xffffffffffffffff


Registers:
RAX=0x4000026e8004f100, RBX=0x4000026e8004f100, RCX=0x0000000000000000, RDX=0x0000000000000000
RSP=0x000000a2857fddb0, RBP=0x000000a2857fde59, RSI=0x0000000000000000, RDI=0x0000000000000001
R8 =0x000000a2857fde01, R9 =0x0000000000000048, R10=0x00007fff11f50000, R11=0x0000000000000000
R12=0x00000284c78e6f00, R13=0x0000000000000000, R14=0x00000284cb907910, R15=0x00000284c78e9640
RIP=0x00007fff12180bf2, EFLAGS=0x0000000000010206


Register to memory mapping:

RIP=0x00007fff12180bf2 jvm.dll
RAX=0x4000026e8004f100 is an unknown value
RBX=0x4000026e8004f100 is an unknown value
RCX=0x0 is NULL
RDX=0x0 is NULL
RSP=0x000000a2857fddb0 points into unknown readable memory: 0x00007fff1288cbf0 | f0 cb 88 12 ff 7f 00 00
RBP=0x000000a2857fde59 points into unknown readable memory: dd 7f 85 a2 00 00 00
RSI=0x0 is NULL
RDI=0x0000000000000001 is an unknown value
R8 =0x000000a2857fde01 points into unknown readable memory: 80 90 cb 84 02 00 00
R9 =0x0000000000000048 is an unknown value
R10=0x00007fff11f50000 jvm.dll
R11=0x0 is NULL
R12=0x00000284c78e6f00 points into unknown readable memory: 0xb1e6ffa700036302 | 02 63 03 00 a7 ff e6 b1
R13=0x0 is NULL
R14=0x00000284cb907910 is at entry_point+-496 in (nmethod*)0x00000284cb907910
Compiled method (c1) 41064044 12262   !   3       org.eclipse.jdt.internal.compiler.ast.CompilationUnitDeclaration::module (116 bytes)
 total in heap  [0x00000284cb907910,0x00000284cb9082d8] = 2504
 relocation     [0x00000284cb907a68,0x00000284cb907af0] = 136
 main code      [0x00000284cb907b00,0x00000284cb908060] = 1376
 stub code      [0x00000284cb908060,0x00000284cb9080c8] = 104
 oops           [0x00000284cb9080c8,0x00000284cb9080d0] = 8
 metadata       [0x00000284cb9080d0,0x00000284cb9080e8] = 24
 scopes data    [0x00000284cb9080e8,0x00000284cb908178] = 144
 scopes pcs     [0x00000284cb908178,0x00000284cb908258] = 224
 dependencies   [0x00000284cb908258,0x00000284cb908260] = 8
 handler table  [0x00000284cb908260,0x00000284cb908290] = 48
 nul chk table  [0x00000284cb908290,0x00000284cb9082d8] = 72
R15=0x00000284c78e9640 points into unknown readable memory: 0x0701002e00000002 | 02 00 00 00 2e 00 01 07


Top of Stack: (sp=0x000000a2857fddb0)
0x000000a2857fddb0:   00007fff1288cbf0 0000000000000001
0x000000a2857fddc0:   0000000000000000 0000000000000001
0x000000a2857fddd0:   00000284c78e6fa0 00000284c78e7378
0x000000a2857fdde0:   0000000000000000 00000284cb907ad2
0x000000a2857fddf0:   00000284cb907af0 00000284cb907910
0x000000a2857fde00:   00000284cb908085 00007fff121600c0
0x000000a2857fde10:   00000284cb907ace 00007fff12140000
0x000000a2857fde20:   00000284cb907b00 00000284cb907b00
0x000000a2857fde30:   00000284cb908060 00000284cb907b00
0x000000a2857fde40:   00000284cb908060 00000284cb9080c8
0x000000a2857fde50:   00007fff1288cbf0 000000a2857fdde0
0x000000a2857fde60:   0000005f0000000c 0000000000000000
0x000000a2857fde70:   0000000000000000 0000000000000000
0x000000a2857fde80:   00000284c78e6f90 00000284cb907910
0x000000a2857fde90:   0000000000000001 00000284c78e6fa0
0x000000a2857fdea0:   00000284c78e7378 00000000000003d8
0x000000a2857fdeb0:   00000284c78e9640 00007fff12181ce3
0x000000a2857fdec0:   00000284c78e6f90 00007fff12a84801
0x000000a2857fded0:   0000000000000000 00000000000003d8
0x000000a2857fdee0:   0000000000000001 00000284c5525f80
0x000000a2857fdef0:   00000284c550b6e0 0000000000000000
0x000000a2857fdf00:   0000000000000001 0000000000000001
0x000000a2857fdf10:   0000000000000002 00007fff125a56e8
0x000000a2857fdf20:   00000284cb907910 0000000000000001
0x000000a2857fdf30:   00000284c78e7378 00000000000003d8
0x000000a2857fdf40:   00000284cb907910 00007fff121548ee
0x000000a2857fdf50:   00000284c7847250 0000000000000000
0x000000a2857fdf60:   00007fff12918060 00007f000000000d
0x000000a2857fdf70:   00000284c5525f80 00007fff00000002
0x000000a2857fdf80:   00007fff1288ced8 00007fff12a84840
0x000000a2857fdf90:   0000000000000000 0000000000000000
0x000000a2857fdfa0:   00000284c5525f80 00007fff00000000 

Instructions: (pc=0x00007fff12180bf2)
0x00007fff12180af2:   75 07 48 8d 4d 87 e8 93 e6 49 00 45 32 e4 48 8d
0x00007fff12180b02:   1d e9 c0 70 00 b9 00 f0 00 00 0f 1f 40 00 48 8b
0x00007fff12180b12:   45 8f 48 83 c0 02 48 89 45 8f 48 3b 45 97 0f 84
0x00007fff12180b22:   76 03 00 00 66 89 75 bf 0f b7 00 66 23 c1 66 3b
0x00007fff12180b32:   c1 75 09 48 8d 4d 87 e8 62 e0 49 00 48 8b 45 8f
0x00007fff12180b42:   0f b7 10 48 8b 45 87 81 e2 ff 03 00 00 48 03 55
0x00007fff12180b52:   a7 48 89 55 a7 48 85 c0 74 09 48 3b d0 0f 83 37
0x00007fff12180b62:   03 00 00 48 8b 45 8f 0f b7 08 c1 e9 0c 83 e9 02
0x00007fff12180b72:   0f 84 c4 01 00 00 83 e9 01 0f 84 7d 01 00 00 83
0x00007fff12180b82:   e9 01 0f 84 c5 00 00 00 83 e9 01 0f 84 b4 00 00
0x00007fff12180b92:   00 83 f9 07 b9 00 f0 00 00 0f 85 6f ff ff ff 45
0x00007fff12180ba2:   84 e4 0f 84 66 ff ff ff 49 8b 06 49 8b ce 45 32
0x00007fff12180bb2:   e4 ff 90 20 02 00 00 84 c0 0f 85 d2 02 00 00 48
0x00007fff12180bc2:   8d 45 87 c7 45 07 0c 00 00 00 48 8d 4d f7 48 89
0x00007fff12180bd2:   45 ff 48 89 5d f7 e8 73 f9 49 00 48 8d 4d f7 e8
0x00007fff12180be2:   aa e7 49 00 48 8b d8 48 85 c0 0f 84 a1 02 00 00
0x00007fff12180bf2:   48 8b 10 48 8b c8 ff 52 10 84 c0 0f 84 90 02 00
0x00007fff12180c02:   00 48 8b 43 08 48 8b 48 08 48 8b 49 18 48 8b 89
0x00007fff12180c12:   98 00 00 00 e8 05 59 fc ff 84 c0 0f 85 70 02 00
0x00007fff12180c22:   00 48 8d 4d f7 e8 44 e7 49 00 48 89 30 83 7d 0f
0x00007fff12180c32:   00 0f 84 5a 02 00 00 48 8d 4d f7 e8 ae e3 49 00
0x00007fff12180c42:   e9 b9 fe ff ff 41 b4 01 e9 b8 fe ff ff 49 8b 1e
0x00007fff12180c52:   48 8d 4d 87 e8 e5 ed 49 00 48 8b d0 49 8b ce ff
0x00007fff12180c62:   93 08 02 00 00 48 8b c8 48 8b f0 48 8b 10 ff 12
0x00007fff12180c72:   48 8b c8 e8 c6 3d fd ff 48 8b f8 48 85 c0 0f 84
0x00007fff12180c82:   0b 02 00 00 48 8b 10 48 8b c8 ff 52 58 33 db 84
0x00007fff12180c92:   c0 48 0f 45 df 48 85 db 0f 84 f1 01 00 00 45 84
0x00007fff12180ca2:   ed 75 31 48 8b 03 48 8b cb ff 90 c0 00 00 00 84
0x00007fff12180cb2:   c0 74 21 48 8b 03 48 8b cb ff 90 20 02 00 00 84
0x00007fff12180cc2:   c0 75 11 48 8b 43 70 48 8b 40 48 48 3b c3 0f 84
0x00007fff12180cd2:   bb 01 00 00 49 8b 06 49 8b ce ff 90 20 02 00 00
0x00007fff12180ce2:   84 c0 48 8b ce 0f 94 c2 e8 41 f0 ff ff 84 c0 74 


Stack slot to memory mapping:
stack at sp + 0 slots: 0x00007fff1288cbf0 jvm.dll
stack at sp + 1 slots: 0x0000000000000001 is an unknown value
stack at sp + 2 slots: 0x0 is NULL
stack at sp + 3 slots: 0x0000000000000001 is an unknown value
stack at sp + 4 slots: 0x00000284c78e6fa0 points into unknown readable memory: 0x00000284c78e6fc0 | c0 6f 8e c7 84 02 00 00
stack at sp + 5 slots: 0x00000284c78e7378 points into unknown readable memory: 0x101067520afbabfc | fc ab fb 0a 52 67 10 10
stack at sp + 6 slots: 0x0 is NULL
stack at sp + 7 slots: 0x00000284cb907ad2 is at entry_point+-46 in (nmethod*)0x00000284cb907910
Compiled method (c1) 41064055 12262   !   3       org.eclipse.jdt.internal.compiler.ast.CompilationUnitDeclaration::module (116 bytes)
 total in heap  [0x00000284cb907910,0x00000284cb9082d8] = 2504
 relocation     [0x00000284cb907a68,0x00000284cb907af0] = 136
 main code      [0x00000284cb907b00,0x00000284cb908060] = 1376
 stub code      [0x00000284cb908060,0x00000284cb9080c8] = 104
 oops           [0x00000284cb9080c8,0x00000284cb9080d0] = 8
 metadata       [0x00000284cb9080d0,0x00000284cb9080e8] = 24
 scopes data    [0x00000284cb9080e8,0x00000284cb908178] = 144
 scopes pcs     [0x00000284cb908178,0x00000284cb908258] = 224
 dependencies   [0x00000284cb908258,0x00000284cb908260] = 8
 handler table  [0x00000284cb908260,0x00000284cb908290] = 48
 nul chk table  [0x00000284cb908290,0x00000284cb9082d8] = 72

VM_Operation (0x000000a289afbf40): ParallelGCFailedAllocation, mode: safepoint, requested by thread 0x00000284e357d070


---------------  P R O C E S S  ---------------

Threads class SMR info:
_java_thread_list=0x00000284e5b6baa0, length=68, elements={
0x00000284c7839aa0, 0x00000284db6c8fe0, 0x00000284db6cb610, 0x00000284e0a97cc0,
0x00000284e0a98950, 0x00000284e0a9d7e0, 0x00000284e0aa1cb0, 0x00000284e0aa5730,
0x00000284e0aab560, 0x00000284e0aae290, 0x00000284e0be53c0, 0x00000284e2a63ab0,
0x00000284e2f874c0, 0x00000284e2f9cfa0, 0x00000284e2f9e490, 0x00000284e30a6070,
0x00000284e332d390, 0x00000284e2efc4e0, 0x00000284e2efc9f0, 0x00000284e2efd920,
0x00000284e2efe850, 0x00000284e2efe340, 0x00000284e2efbac0, 0x00000284e2efde30,
0x00000284e410f490, 0x00000284e4112730, 0x00000284e410cc10, 0x00000284e410d120,
0x00000284e4112220, 0x00000284e410e050, 0x00000284e4110de0, 0x00000284e410e560,
0x00000284e410ef80, 0x00000284e410c1f0, 0x00000284e410f9a0, 0x00000284e410c700,
0x00000284e410ea70, 0x00000284e41103c0, 0x00000284e41112f0, 0x00000284e4111800,
0x00000284e4113660, 0x00000284e2efb0a0, 0x00000284e5116370, 0x00000284e5114510,
0x00000284e5116880, 0x00000284e5116d90, 0x00000284e5118bf0, 0x00000284e2efbfd0,
0x00000284e2efb5b0, 0x00000284e4111d10, 0x00000284e4112c40, 0x00000284e5c96d10,
0x00000284e3577a60, 0x00000284e357ad00, 0x00000284e357c140, 0x00000284e5c98b70,
0x00000284e3577040, 0x00000284e5c94490, 0x00000284e5c97220, 0x00000284e5c98150,
0x00000284e5c949a0, 0x00000284e5c962f0, 0x00000284e5c98660, 0x00000284e5c99590,
0x00000284e3576b30, 0x00000284e357a2e0, 0x00000284e357d070, 0x00000284e357dfa0
}

Java Threads: ( => current thread )
  0x00000284c7839aa0 JavaThread "main" [_thread_blocked, id=47440, stack(0x000000a285500000,0x000000a285600000)]
  0x00000284db6c8fe0 JavaThread "Reference Handler" daemon [_thread_blocked, id=33308, stack(0x000000a285800000,0x000000a285900000)]
  0x00000284db6cb610 JavaThread "Finalizer" daemon [_thread_blocked, id=36668, stack(0x000000a285900000,0x000000a285a00000)]
  0x00000284e0a97cc0 JavaThread "Signal Dispatcher" daemon [_thread_blocked, id=42624, stack(0x000000a285a00000,0x000000a285b00000)]
  0x00000284e0a98950 JavaThread "Attach Listener" daemon [_thread_blocked, id=52212, stack(0x000000a285b00000,0x000000a285c00000)]
  0x00000284e0a9d7e0 JavaThread "Service Thread" daemon [_thread_blocked, id=36992, stack(0x000000a285c00000,0x000000a285d00000)]
  0x00000284e0aa1cb0 JavaThread "Monitor Deflation Thread" daemon [_thread_blocked, id=43468, stack(0x000000a285d00000,0x000000a285e00000)]
  0x00000284e0aa5730 JavaThread "C2 CompilerThread0" daemon [_thread_blocked, id=46648, stack(0x000000a285e00000,0x000000a285f00000)]
  0x00000284e0aab560 JavaThread "C1 CompilerThread0" daemon [_thread_blocked, id=48064, stack(0x000000a285f00000,0x000000a286000000)]
  0x00000284e0aae290 JavaThread "Sweeper thread" daemon [_thread_blocked, id=51912, stack(0x000000a286000000,0x000000a286100000)]
  0x00000284e0be53c0 JavaThread "Common-Cleaner" daemon [_thread_blocked, id=41188, stack(0x000000a286100000,0x000000a286200000)]
  0x00000284e2a63ab0 JavaThread "Notification Thread" daemon [_thread_blocked, id=17280, stack(0x000000a286200000,0x000000a286300000)]
  0x00000284e2f874c0 JavaThread "Active Thread: Equinox Container: 06a1ada2-3cfe-458f-aa9b-bbcba0748212" [_thread_blocked, id=45660, stack(0x000000a286b00000,0x000000a286c00000)]
  0x00000284e2f9cfa0 JavaThread "Framework Event Dispatcher: Equinox Container: 06a1ada2-3cfe-458f-aa9b-bbcba0748212" daemon [_thread_blocked, id=41100, stack(0x000000a286c00000,0x000000a286d00000)]
  0x00000284e2f9e490 JavaThread "Start Level: Equinox Container: 06a1ada2-3cfe-458f-aa9b-bbcba0748212" daemon [_thread_blocked, id=47700, stack(0x000000a286d00000,0x000000a286e00000)]
  0x00000284e30a6070 JavaThread "Bundle File Closer" daemon [_thread_blocked, id=40772, stack(0x000000a286f00000,0x000000a287000000)]
  0x00000284e332d390 JavaThread "SCR Component Actor" daemon [_thread_blocked, id=14112, stack(0x000000a287100000,0x000000a287200000)]
  0x00000284e2efc4e0 JavaThread "Worker-JM" [_thread_blocked, id=35920, stack(0x000000a287300000,0x000000a287400000)]
  0x00000284e2efc9f0 JavaThread "JNA Cleaner" daemon [_thread_blocked, id=23140, stack(0x000000a287700000,0x000000a287800000)]
  0x00000284e2efd920 JavaThread "Java indexing" daemon [_thread_blocked, id=52188, stack(0x000000a287b00000,0x000000a287c00000)]
  0x00000284e2efe850 JavaThread "Thread-2" daemon [_thread_in_native, id=46544, stack(0x000000a287d00000,0x000000a287e00000)]
  0x00000284e2efe340 JavaThread "Thread-3" daemon [_thread_in_native, id=14312, stack(0x000000a287e00000,0x000000a287f00000)]
  0x00000284e2efbac0 JavaThread "Thread-4" daemon [_thread_in_native, id=29448, stack(0x000000a287f00000,0x000000a288000000)]
  0x00000284e2efde30 JavaThread "Thread-5" daemon [_thread_in_native, id=15236, stack(0x000000a288000000,0x000000a288100000)]
  0x00000284e410f490 JavaThread "Thread-6" daemon [_thread_in_native, id=49384, stack(0x000000a288100000,0x000000a288200000)]
  0x00000284e4112730 JavaThread "Thread-7" daemon [_thread_in_native, id=7200, stack(0x000000a288200000,0x000000a288300000)]
  0x00000284e410cc10 JavaThread "Thread-8" daemon [_thread_in_native, id=39908, stack(0x000000a288300000,0x000000a288400000)]
  0x00000284e410d120 JavaThread "Thread-9" daemon [_thread_in_native, id=12004, stack(0x000000a288400000,0x000000a288500000)]
  0x00000284e4112220 JavaThread "Thread-10" daemon [_thread_in_native, id=37240, stack(0x000000a288500000,0x000000a288600000)]
  0x00000284e410e050 JavaThread "Thread-11" daemon [_thread_in_native, id=17056, stack(0x000000a288600000,0x000000a288700000)]
  0x00000284e4110de0 JavaThread "Thread-12" daemon [_thread_in_native, id=9856, stack(0x000000a288700000,0x000000a288800000)]
  0x00000284e410e560 JavaThread "Thread-13" daemon [_thread_in_native, id=31716, stack(0x000000a288800000,0x000000a288900000)]
  0x00000284e410ef80 JavaThread "Thread-14" daemon [_thread_blocked, id=47580, stack(0x000000a288900000,0x000000a288a00000)]
  0x00000284e410c1f0 JavaThread "Thread-15" daemon [_thread_in_native, id=44808, stack(0x000000a288a00000,0x000000a288b00000)]
  0x00000284e410f9a0 JavaThread "Thread-16" daemon [_thread_in_native, id=52216, stack(0x000000a288b00000,0x000000a288c00000)]
  0x00000284e410c700 JavaThread "Thread-17" daemon [_thread_in_native, id=6872, stack(0x000000a288c00000,0x000000a288d00000)]
  0x00000284e410ea70 JavaThread "Thread-18" daemon [_thread_in_native, id=12960, stack(0x000000a288d00000,0x000000a288e00000)]
  0x00000284e41103c0 JavaThread "pool-2-thread-1" [_thread_blocked, id=36360, stack(0x000000a288e00000,0x000000a288f00000)]
  0x00000284e41112f0 JavaThread "WorkspaceEventsHandler" [_thread_blocked, id=12452, stack(0x000000a289000000,0x000000a289100000)]
  0x00000284e4111800 JavaThread "pool-1-thread-1" [_thread_blocked, id=43120, stack(0x000000a289100000,0x000000a289200000)]
  0x00000284e4113660 JavaThread "Compiler Source File Reader" daemon [_thread_blocked, id=49756, stack(0x000000a289500000,0x000000a289600000)]
  0x00000284e2efb0a0 JavaThread "Cleaner-0" daemon [_thread_blocked, id=43940, stack(0x000000a289900000,0x000000a289a00000)]
  0x00000284e5116370 JavaThread "Compiler Source File Reader" daemon [_thread_blocked, id=35592, stack(0x000000a289e00000,0x000000a289f00000)]
  0x00000284e5114510 JavaThread "Compiler Source File Reader" daemon [_thread_blocked, id=15028, stack(0x000000a289f00000,0x000000a28a000000)]
  0x00000284e5116880 JavaThread "Compiler Source File Reader" daemon [_thread_blocked, id=40264, stack(0x000000a28a000000,0x000000a28a100000)]
  0x00000284e5116d90 JavaThread "Compiler Source File Reader" daemon [_thread_blocked, id=32276, stack(0x000000a28a200000,0x000000a28a300000)]
  0x00000284e5118bf0 JavaThread "Compiler Source File Reader" daemon [_thread_blocked, id=49348, stack(0x000000a28a300000,0x000000a28a400000)]
  0x00000284e2efbfd0 JavaThread "Compiler Source File Reader" daemon [_thread_blocked, id=49296, stack(0x000000a28a400000,0x000000a28a500000)]
  0x00000284e2efb5b0 JavaThread "Compiler Source File Reader" daemon [_thread_blocked, id=47600, stack(0x000000a28a500000,0x000000a28a600000)]
  0x00000284e4111d10 JavaThread "Compiler Source File Reader" daemon [_thread_blocked, id=20032, stack(0x000000a28a600000,0x000000a28a700000)]
  0x00000284e4112c40 JavaThread "Compiler Source File Reader" daemon [_thread_blocked, id=32764, stack(0x000000a28a700000,0x000000a28a800000)]
  0x00000284e5c96d10 JavaThread "Compiler Source File Reader" daemon [_thread_blocked, id=37932, stack(0x000000a28a800000,0x000000a28a900000)]
  0x00000284e3577a60 JavaThread "Compiler Source File Reader" daemon [_thread_blocked, id=37120, stack(0x000000a28a900000,0x000000a28aa00000)]
  0x00000284e357ad00 JavaThread "Compiler Source File Reader" daemon [_thread_blocked, id=35556, stack(0x000000a28aa00000,0x000000a28ab00000)]
  0x00000284e357c140 JavaThread "Compiler Source File Reader" daemon [_thread_blocked, id=43316, stack(0x000000a28ab00000,0x000000a28ac00000)]
  0x00000284e5c98b70 JavaThread "Worker-21" [_thread_blocked, id=13556, stack(0x000000a287800000,0x000000a287900000)]
  0x00000284e3577040 JavaThread "Worker-24" [_thread_blocked, id=53436, stack(0x000000a289200000,0x000000a289300000)]
  0x00000284e5c94490 JavaThread "ForkJoinPool.commonPool-worker-78" daemon [_thread_blocked, id=24560, stack(0x000000a285200000,0x000000a285300000)]
  0x00000284e5c97220 JavaThread "ForkJoinPool.commonPool-worker-79" daemon [_thread_blocked, id=12784, stack(0x000000a285300000,0x000000a285400000)]
  0x00000284e5c98150 JavaThread "ForkJoinPool.commonPool-worker-80" daemon [_thread_blocked, id=26288, stack(0x000000a285400000,0x000000a285500000)]
  0x00000284e5c949a0 JavaThread "ForkJoinPool.commonPool-worker-81" daemon [_thread_blocked, id=53512, stack(0x000000a286a00000,0x000000a286b00000)]
  0x00000284e5c962f0 JavaThread "ForkJoinPool.commonPool-worker-82" daemon [_thread_blocked, id=43280, stack(0x000000a287200000,0x000000a287300000)]
  0x00000284e5c98660 JavaThread "ForkJoinPool.commonPool-worker-83" daemon [_thread_blocked, id=53932, stack(0x000000a287900000,0x000000a287a00000)]
  0x00000284e5c99590 JavaThread "ForkJoinPool.commonPool-worker-84" daemon [_thread_blocked, id=13980, stack(0x000000a287c00000,0x000000a287d00000)]
  0x00000284e3576b30 JavaThread "ForkJoinPool.commonPool-worker-85" daemon [_thread_blocked, id=52984, stack(0x000000a289600000,0x000000a289700000)]
  0x00000284e357a2e0 JavaThread "ForkJoinPool.commonPool-worker-86" daemon [_thread_blocked, id=53544, stack(0x000000a289700000,0x000000a289800000)]
  0x00000284e357d070 JavaThread "ForkJoinPool.commonPool-worker-88" daemon [_thread_blocked, id=45132, stack(0x000000a289a00000,0x000000a289b00000)]
  0x00000284e357dfa0 JavaThread "ForkJoinPool.commonPool-worker-89" daemon [_thread_blocked, id=2824, stack(0x000000a288f00000,0x000000a289000000)]

Other Threads:
=>0x00000284c78e9980 VMThread "VM Thread" [stack: 0x000000a285700000,0x000000a285800000] [id=45072]
  0x00000284e0d3ede0 WatcherThread [stack: 0x000000a286300000,0x000000a286400000] [id=17864]
  0x00000284c784d260 GCTaskThread "GC Thread#0" [stack: 0x000000a285600000,0x000000a285700000] [id=9088]
  0x00000284e2f41280 GCTaskThread "GC Thread#1" [stack: 0x000000a286400000,0x000000a286500000] [id=33980]
  0x00000284e2f28330 GCTaskThread "GC Thread#2" [stack: 0x000000a286500000,0x000000a286600000] [id=31464]
  0x00000284e2f285f0 GCTaskThread "GC Thread#3" [stack: 0x000000a286600000,0x000000a286700000] [id=49040]
  0x00000284e2f74bd0 GCTaskThread "GC Thread#4" [stack: 0x000000a286700000,0x000000a286800000] [id=26456]
  0x00000284e2f74e90 GCTaskThread "GC Thread#5" [stack: 0x000000a286800000,0x000000a286900000] [id=13756]
  0x00000284e2f79160 GCTaskThread "GC Thread#6" [stack: 0x000000a286900000,0x000000a286a00000] [id=33816]
  0x00000284e2fb04d0 GCTaskThread "GC Thread#7" [stack: 0x000000a286e00000,0x000000a286f00000] [id=18020]
  0x00000284e3104700 GCTaskThread "GC Thread#8" [stack: 0x000000a287000000,0x000000a287100000] [id=36728]
  0x00000284e38faa10 GCTaskThread "GC Thread#9" [stack: 0x000000a287400000,0x000000a287500000] [id=40440]
  0x00000284e38facd0 GCTaskThread "GC Thread#10" [stack: 0x000000a287500000,0x000000a287600000] [id=46496]
  0x00000284e3916250 GCTaskThread "GC Thread#11" [stack: 0x000000a287600000,0x000000a287700000] [id=48948]
  0x00000284e387d280 GCTaskThread "GC Thread#12" [stack: 0x000000a287a00000,0x000000a287b00000] [id=49860]

Threads with active compile tasks:

VM state: at safepoint (normal execution)

VM Mutex/Monitor currently owned by a thread:  ([mutex/lock_event])
[0x00000284c7836160] Threads_lock - owner thread: 0x00000284c78e9980
[0x00000284c7836550] Heap_lock - owner thread: 0x00000284e357d070

Heap address: 0x00000000c0000000, size: 1024 MB, Compressed Oops mode: 32-bit

CDS archive(s) not mapped
Compressed class space mapped at: 0x0000000100000000-0x0000000140000000, reserved size: 1073741824
Narrow klass base: 0x0000000000000000, Narrow klass shift: 3, Narrow klass range: 0x140000000

GC Precious Log:
 CPUs: 16 total, 16 available
 Memory: 7418M
 Large Page Support: Disabled
 NUMA Support: Disabled
 Compressed Oops: Enabled (32-bit)
 Alignments: Space 512K, Generation 512K, Heap 2M
 Heap Min Capacity: 100M
 Heap Initial Capacity: 100M
 Heap Max Capacity: 1G
 Pre-touch: Disabled
 Parallel Workers: 13

Heap:
 PSYoungGen      total 2560K, used 704K [0x00000000eab00000, 0x00000000eaf00000, 0x0000000100000000)
  eden space 1536K, 0% used [0x00000000eab00000,0x00000000eab00000,0x00000000eac80000)
  from space 1024K, 68% used [0x00000000ead80000,0x00000000eae30000,0x00000000eae80000)
  to   space 1024K, 0% used [0x00000000eac80000,0x00000000eac80000,0x00000000ead80000)
 ParOldGen       total 148992K, used 148971K [0x00000000c0000000, 0x00000000c9180000, 0x00000000eab00000)
  object space 148992K, 99% used [0x00000000c0000000,0x00000000c917af40,0x00000000c9180000)
 Metaspace       used 96451K, committed 97728K, reserved 1179648K
  class space    used 9453K, committed 9984K, reserved 1048576K

Card table byte_map: [0x00000284c71d0000,0x00000284c73e0000] _byte_map_base: 0x00000284c6bd0000

Marking Bits: (ParMarkBitMap*) 0x00007fff12af58b0
 Begin Bits: [0x00000284d94d0000, 0x00000284da4d0000)
 End Bits:   [0x00000284da4d0000, 0x00000284db4d0000)

Polling page: 0x00000284c5760000

Metaspace:

Usage:
  Non-class:     84.96 MB used.
      Class:      9.23 MB used.
       Both:     94.19 MB used.

Virtual space:
  Non-class space:      128.00 MB reserved,      85.69 MB ( 67%) committed,  2 nodes.
      Class space:        1.00 GB reserved,       9.75 MB ( <1%) committed,  1 nodes.
             Both:        1.12 GB reserved,      95.44 MB (  8%) committed. 

Chunk freelists:
   Non-Class:  8.92 MB
       Class:  6.25 MB
        Both:  15.17 MB

MaxMetaspaceSize: unlimited
CompressedClassSpaceSize: 1.00 GB
Initial GC threshold: 21.00 MB
Current GC threshold: 158.69 MB
CDS: off
MetaspaceReclaimPolicy: balanced
 - commit_granule_bytes: 65536.
 - commit_granule_words: 8192.
 - virtual_space_node_default_size: 8388608.
 - enlarge_chunks_in_place: 1.
 - new_chunks_are_fully_committed: 0.
 - uncommit_free_chunks: 1.
 - use_allocation_guard: 0.
 - handle_deallocations: 1.


Internal statistics:

num_allocs_failed_limit: 9.
num_arena_births: 1192.
num_arena_deaths: 426.
num_vsnodes_births: 3.
num_vsnodes_deaths: 0.
num_space_committed: 1527.
num_space_uncommitted: 0.
num_chunks_returned_to_freelist: 510.
num_chunks_taken_from_freelist: 5520.
num_chunk_merges: 163.
num_chunk_splits: 3227.
num_chunks_enlarged: 1766.
num_inconsistent_stats: 0.

CodeHeap 'non-profiled nmethods': size=119168Kb used=24163Kb max_used=24163Kb free=95004Kb
 bounds [0x00000284d2070000, 0x00000284d3810000, 0x00000284d94d0000]
CodeHeap 'profiled nmethods': size=119104Kb used=41412Kb max_used=41412Kb free=77691Kb
 bounds [0x00000284ca4d0000, 0x00000284ccd50000, 0x00000284d1920000]
CodeHeap 'non-nmethods': size=7488Kb used=1458Kb max_used=3239Kb free=6029Kb
 bounds [0x00000284d1920000, 0x00000284d1ce0000, 0x00000284d2070000]
 total_blobs=20194 nmethods=19378 adapters=720
 compilation: enabled
              stopped_count=0, restarted_count=0
 full_count=0

Compilation events (20 events):
Event: 40964.102 Thread 0x00000284e0aa5730 27886       4       java.lang.Integer::equals (29 bytes)
Event: 40964.103 Thread 0x00000284e0aa5730 nmethod 27886 0x00000284d3808610 code [0x00000284d3808780, 0x00000284d3808838]
Event: 40964.436 Thread 0x00000284e0aa5730 27902       4       org.eclipse.jdt.internal.compiler.lookup.BlockScope::addSubscope (57 bytes)
Event: 40964.437 Thread 0x00000284e0aab560 27903       3       java.text.SimpleDateFormat::subFormat (1262 bytes)
Event: 40964.437 Thread 0x00000284e0aa5730 nmethod 27902 0x00000284d3808910 code [0x00000284d3808aa0, 0x00000284d3808db8]
Event: 40964.450 Thread 0x00000284e0aab560 nmethod 27903 0x00000284ccd3ff90 code [0x00000284ccd40840, 0x00000284ccd46a38]
Event: 41038.270 Thread 0x00000284e0aab560 27904   !   3       jdk.internal.reflect.GeneratedConstructorAccessor48::newInstance (49 bytes)
Event: 41038.271 Thread 0x00000284e0aab560 nmethod 27904 0x00000284ccd48e90 code [0x00000284ccd49080, 0x00000284ccd495a8]
Event: 41038.271 Thread 0x00000284e0aab560 27905   !   3       jdk.internal.reflect.GeneratedMethodAccessor39::invoke (67 bytes)
Event: 41038.272 Thread 0x00000284e0aab560 nmethod 27905 0x00000284ccd49890 code [0x00000284ccd49ac0, 0x00000284ccd4a1f8]
Event: 41039.412 Thread 0x00000284e0aab560 27906       3       org.eclipse.lsp4j.adapters.HoverTypeAdapter::write (10 bytes)
Event: 41039.413 Thread 0x00000284e0aab560 nmethod 27906 0x00000284ccd4a590 code [0x00000284ccd4a740, 0x00000284ccd4a968]
Event: 41039.413 Thread 0x00000284e0aab560 27907       3       org.eclipse.lsp4j.adapters.HoverTypeAdapter::write (53 bytes)
Event: 41039.417 Thread 0x00000284e0aab560 nmethod 27907 0x00000284ccd4aa90 code [0x00000284ccd4ad00, 0x00000284ccd4b6e8]
Event: 41039.417 Thread 0x00000284e0aab560 27908       3       org.eclipse.lsp4j.adapters.HoverTypeAdapter::writeContents (104 bytes)
Event: 41039.419 Thread 0x00000284e0aab560 nmethod 27908 0x00000284ccd4ba90 code [0x00000284ccd4bcc0, 0x00000284ccd4c508]
Event: 41039.419 Thread 0x00000284e0aab560 27909       3       org.eclipse.lsp4j.adapters.HoverTypeAdapter::writeRange (12 bytes)
Event: 41039.419 Thread 0x00000284e0aab560 nmethod 27909 0x00000284ccd4c790 code [0x00000284ccd4c940, 0x00000284ccd4caa8]
Event: 41063.474 Thread 0x00000284e0aab560 27910       3       java.lang.Thread::setPriority (56 bytes)
Event: 41063.484 Thread 0x00000284e0aab560 nmethod 27910 0x00000284ccd4cb90 code [0x00000284ccd4cd80, 0x00000284ccd4d308]

GC Heap History (20 events):
Event: 40963.999 GC heap after
{Heap after GC invocations=4071 (full 24):
 PSYoungGen      total 3584K, used 480K [0x00000000eab00000, 0x00000000eaf80000, 0x0000000100000000)
  eden space 2560K, 0% used [0x00000000eab00000,0x00000000eab00000,0x00000000ead80000)
  from space 1024K, 46% used [0x00000000ead80000,0x00000000eadf8000,0x00000000eae80000)
  to   space 1024K, 0% used [0x00000000eae80000,0x00000000eae80000,0x00000000eaf80000)
 ParOldGen       total 148992K, used 146151K [0x00000000c0000000, 0x00000000c9180000, 0x00000000eab00000)
  object space 148992K, 98% used [0x00000000c0000000,0x00000000c8eb9c80,0x00000000c9180000)
 Metaspace       used 96353K, committed 97664K, reserved 1179648K
  class space    used 9440K, committed 9984K, reserved 1048576K
}
Event: 40964.029 GC heap before
{Heap before GC invocations=4072 (full 24):
 PSYoungGen      total 3584K, used 3039K [0x00000000eab00000, 0x00000000eaf80000, 0x0000000100000000)
  eden space 2560K, 99% used [0x00000000eab00000,0x00000000ead7fc68,0x00000000ead80000)
  from space 1024K, 46% used [0x00000000ead80000,0x00000000eadf8000,0x00000000eae80000)
  to   space 1024K, 0% used [0x00000000eae80000,0x00000000eae80000,0x00000000eaf80000)
 ParOldGen       total 148992K, used 146151K [0x00000000c0000000, 0x00000000c9180000, 0x00000000eab00000)
  object space 148992K, 98% used [0x00000000c0000000,0x00000000c8eb9c80,0x00000000c9180000)
 Metaspace       used 96382K, committed 97664K, reserved 1179648K
  class space    used 9443K, committed 9984K, reserved 1048576K
}
Event: 40964.032 GC heap after
{Heap after GC invocations=4072 (full 24):
 PSYoungGen      total 3072K, used 416K [0x00000000eab00000, 0x00000000eaf00000, 0x0000000100000000)
  eden space 2560K, 0% used [0x00000000eab00000,0x00000000eab00000,0x00000000ead80000)
  from space 512K, 81% used [0x00000000eae80000,0x00000000eaee8000,0x00000000eaf00000)
  to   space 512K, 0% used [0x00000000eae00000,0x00000000eae00000,0x00000000eae80000)
 ParOldGen       total 148992K, used 146423K [0x00000000c0000000, 0x00000000c9180000, 0x00000000eab00000)
  object space 148992K, 98% used [0x00000000c0000000,0x00000000c8efdc80,0x00000000c9180000)
 Metaspace       used 96382K, committed 97664K, reserved 1179648K
  class space    used 9443K, committed 9984K, reserved 1048576K
}
Event: 40964.095 GC heap before
{Heap before GC invocations=4073 (full 24):
 PSYoungGen      total 3072K, used 2975K [0x00000000eab00000, 0x00000000eaf00000, 0x0000000100000000)
  eden space 2560K, 99% used [0x00000000eab00000,0x00000000ead7ff30,0x00000000ead80000)
  from space 512K, 81% used [0x00000000eae80000,0x00000000eaee8000,0x00000000eaf00000)
  to   space 512K, 0% used [0x00000000eae00000,0x00000000eae00000,0x00000000eae80000)
 ParOldGen       total 148992K, used 146423K [0x00000000c0000000, 0x00000000c9180000, 0x00000000eab00000)
  object space 148992K, 98% used [0x00000000c0000000,0x00000000c8efdc80,0x00000000c9180000)
 Metaspace       used 96447K, committed 97728K, reserved 1179648K
  class space    used 9453K, committed 9984K, reserved 1048576K
}
Event: 40964.098 GC heap after
{Heap after GC invocations=4073 (full 24):
 PSYoungGen      total 3072K, used 352K [0x00000000eab00000, 0x00000000eaf00000, 0x0000000100000000)
  eden space 2560K, 0% used [0x00000000eab00000,0x00000000eab00000,0x00000000ead80000)
  from space 512K, 68% used [0x00000000eae00000,0x00000000eae58000,0x00000000eae80000)
  to   space 512K, 0% used [0x00000000eae80000,0x00000000eae80000,0x00000000eaf00000)
 ParOldGen       total 148992K, used 146519K [0x00000000c0000000, 0x00000000c9180000, 0x00000000eab00000)
  object space 148992K, 98% used [0x00000000c0000000,0x00000000c8f15c80,0x00000000c9180000)
 Metaspace       used 96447K, committed 97728K, reserved 1179648K
  class space    used 9453K, committed 9984K, reserved 1048576K
}
Event: 40964.337 GC heap before
{Heap before GC invocations=4074 (full 24):
 PSYoungGen      total 3072K, used 2911K [0x00000000eab00000, 0x00000000eaf00000, 0x0000000100000000)
  eden space 2560K, 99% used [0x00000000eab00000,0x00000000ead7ffe8,0x00000000ead80000)
  from space 512K, 68% used [0x00000000eae00000,0x00000000eae58000,0x00000000eae80000)
  to   space 512K, 0% used [0x00000000eae80000,0x00000000eae80000,0x00000000eaf00000)
 ParOldGen       total 148992K, used 146519K [0x00000000c0000000, 0x00000000c9180000, 0x00000000eab00000)
  object space 148992K, 98% used [0x00000000c0000000,0x00000000c8f15c80,0x00000000c9180000)
 Metaspace       used 96447K, committed 97728K, reserved 1179648K
  class space    used 9453K, committed 9984K, reserved 1048576K
}
Event: 40964.341 GC heap after
{Heap after GC invocations=4074 (full 24):
 PSYoungGen      total 2560K, used 480K [0x00000000eab00000, 0x00000000eb080000, 0x0000000100000000)
  eden space 2048K, 0% used [0x00000000eab00000,0x00000000eab00000,0x00000000ead00000)
  from space 512K, 93% used [0x00000000eae80000,0x00000000eaef8020,0x00000000eaf00000)
  to   space 1536K, 0% used [0x00000000ead00000,0x00000000ead00000,0x00000000eae80000)
 ParOldGen       total 148992K, used 146969K [0x00000000c0000000, 0x00000000c9180000, 0x00000000eab00000)
  object space 148992K, 98% used [0x00000000c0000000,0x00000000c8f86580,0x00000000c9180000)
 Metaspace       used 96447K, committed 97728K, reserved 1179648K
  class space    used 9453K, committed 9984K, reserved 1048576K
}
Event: 40964.345 GC heap before
{Heap before GC invocations=4075 (full 24):
 PSYoungGen      total 2560K, used 2528K [0x00000000eab00000, 0x00000000eb080000, 0x0000000100000000)
  eden space 2048K, 100% used [0x00000000eab00000,0x00000000ead00000,0x00000000ead00000)
  from space 512K, 93% used [0x00000000eae80000,0x00000000eaef8020,0x00000000eaf00000)
  to   space 1536K, 0% used [0x00000000ead00000,0x00000000ead00000,0x00000000eae80000)
 ParOldGen       total 148992K, used 146969K [0x00000000c0000000, 0x00000000c9180000, 0x00000000eab00000)
  object space 148992K, 98% used [0x00000000c0000000,0x00000000c8f86580,0x00000000c9180000)
 Metaspace       used 96447K, committed 97728K, reserved 1179648K
  class space    used 9453K, committed 9984K, reserved 1048576K
}
Event: 40964.348 GC heap after
{Heap after GC invocations=4075 (full 24):
 PSYoungGen      total 2560K, used 384K [0x00000000eab00000, 0x00000000eaf00000, 0x0000000100000000)
  eden space 2048K, 0% used [0x00000000eab00000,0x00000000eab00000,0x00000000ead00000)
  from space 512K, 75% used [0x00000000ead00000,0x00000000ead60000,0x00000000ead80000)
  to   space 1024K, 0% used [0x00000000eae00000,0x00000000eae00000,0x00000000eaf00000)
 ParOldGen       total 148992K, used 147505K [0x00000000c0000000, 0x00000000c9180000, 0x00000000eab00000)
  object space 148992K, 99% used [0x00000000c0000000,0x00000000c900c5e0,0x00000000c9180000)
 Metaspace       used 96447K, committed 97728K, reserved 1179648K
  class space    used 9453K, committed 9984K, reserved 1048576K
}
Event: 40964.433 GC heap before
{Heap before GC invocations=4076 (full 24):
 PSYoungGen      total 2560K, used 2431K [0x00000000eab00000, 0x00000000eaf00000, 0x0000000100000000)
  eden space 2048K, 99% used [0x00000000eab00000,0x00000000eacffff0,0x00000000ead00000)
  from space 512K, 75% used [0x00000000ead00000,0x00000000ead60000,0x00000000ead80000)
  to   space 1024K, 0% used [0x00000000eae00000,0x00000000eae00000,0x00000000eaf00000)
 ParOldGen       total 148992K, used 147505K [0x00000000c0000000, 0x00000000c9180000, 0x00000000eab00000)
  object space 148992K, 99% used [0x00000000c0000000,0x00000000c900c5e0,0x00000000c9180000)
 Metaspace       used 96447K, committed 97728K, reserved 1179648K
  class space    used 9453K, committed 9984K, reserved 1048576K
}
Event: 40964.434 GC heap after
{Heap after GC invocations=4076 (full 24):
 PSYoungGen      total 2560K, used 352K [0x00000000eab00000, 0x00000000eae80000, 0x0000000100000000)
  eden space 2048K, 0% used [0x00000000eab00000,0x00000000eab00000,0x00000000ead00000)
  from space 512K, 68% used [0x00000000eae00000,0x00000000eae58000,0x00000000eae80000)
  to   space 512K, 0% used [0x00000000ead00000,0x00000000ead00000,0x00000000ead80000)
 ParOldGen       total 148992K, used 147793K [0x00000000c0000000, 0x00000000c9180000, 0x00000000eab00000)
  object space 148992K, 99% used [0x00000000c0000000,0x00000000c90545e0,0x00000000c9180000)
 Metaspace       used 96447K, committed 97728K, reserved 1179648K
  class space    used 9453K, committed 9984K, reserved 1048576K
}
Event: 40964.441 GC heap before
{Heap before GC invocations=4077 (full 24):
 PSYoungGen      total 2560K, used 2400K [0x00000000eab00000, 0x00000000eae80000, 0x0000000100000000)
  eden space 2048K, 100% used [0x00000000eab00000,0x00000000ead00000,0x00000000ead00000)
  from space 512K, 68% used [0x00000000eae00000,0x00000000eae58000,0x00000000eae80000)
  to   space 512K, 0% used [0x00000000ead00000,0x00000000ead00000,0x00000000ead80000)
 ParOldGen       total 148992K, used 147793K [0x00000000c0000000, 0x00000000c9180000, 0x00000000eab00000)
  object space 148992K, 99% used [0x00000000c0000000,0x00000000c90545e0,0x00000000c9180000)
 Metaspace       used 96447K, committed 97728K, reserved 1179648K
  class space    used 9453K, committed 9984K, reserved 1048576K
}
Event: 40964.443 GC heap after
{Heap after GC invocations=4077 (full 24):
 PSYoungGen      total 2560K, used 512K [0x00000000eab00000, 0x00000000eaf00000, 0x0000000100000000)
  eden space 2048K, 0% used [0x00000000eab00000,0x00000000eab00000,0x00000000ead00000)
  from space 512K, 100% used [0x00000000ead00000,0x00000000ead80000,0x00000000ead80000)
  to   space 1024K, 0% used [0x00000000eae00000,0x00000000eae00000,0x00000000eaf00000)
 ParOldGen       total 148992K, used 147881K [0x00000000c0000000, 0x00000000c9180000, 0x00000000eab00000)
  object space 148992K, 99% used [0x00000000c0000000,0x00000000c906a5e0,0x00000000c9180000)
 Metaspace       used 96447K, committed 97728K, reserved 1179648K
  class space    used 9453K, committed 9984K, reserved 1048576K
}
Event: 40964.447 GC heap before
{Heap before GC invocations=4078 (full 24):
 PSYoungGen      total 2560K, used 2560K [0x00000000eab00000, 0x00000000eaf00000, 0x0000000100000000)
  eden space 2048K, 100% used [0x00000000eab00000,0x00000000ead00000,0x00000000ead00000)
  from space 512K, 100% used [0x00000000ead00000,0x00000000ead80000,0x00000000ead80000)
  to   space 1024K, 0% used [0x00000000eae00000,0x00000000eae00000,0x00000000eaf00000)
 ParOldGen       total 148992K, used 147881K [0x00000000c0000000, 0x00000000c9180000, 0x00000000eab00000)
  object space 148992K, 99% used [0x00000000c0000000,0x00000000c906a5e0,0x00000000c9180000)
 Metaspace       used 96447K, committed 97728K, reserved 1179648K
  class space    used 9453K, committed 9984K, reserved 1048576K
}
Event: 40964.449 GC heap after
{Heap after GC invocations=4078 (full 24):
 PSYoungGen      total 2560K, used 960K [0x00000000eab00000, 0x00000000eb000000, 0x0000000100000000)
  eden space 1536K, 0% used [0x00000000eab00000,0x00000000eab00000,0x00000000eac80000)
  from space 1024K, 93% used [0x00000000eae00000,0x00000000eaef0000,0x00000000eaf00000)
  to   space 1536K, 0% used [0x00000000eac80000,0x00000000eac80000,0x00000000eae00000)
 ParOldGen       total 148992K, used 148270K [0x00000000c0000000, 0x00000000c9180000, 0x00000000eab00000)
  object space 148992K, 99% used [0x00000000c0000000,0x00000000c90cba80,0x00000000c9180000)
 Metaspace       used 96447K, committed 97728K, reserved 1179648K
  class space    used 9453K, committed 9984K, reserved 1048576K
}
Event: 41063.482 GC heap before
{Heap before GC invocations=4079 (full 24):
 PSYoungGen      total 2560K, used 2496K [0x00000000eab00000, 0x00000000eb000000, 0x0000000100000000)
  eden space 1536K, 100% used [0x00000000eab00000,0x00000000eac80000,0x00000000eac80000)
  from space 1024K, 93% used [0x00000000eae00000,0x00000000eaef0000,0x00000000eaf00000)
  to   space 1536K, 0% used [0x00000000eac80000,0x00000000eac80000,0x00000000eae00000)
 ParOldGen       total 148992K, used 148270K [0x00000000c0000000, 0x00000000c9180000, 0x00000000eab00000)
  object space 148992K, 99% used [0x00000000c0000000,0x00000000c90cba80,0x00000000c9180000)
 Metaspace       used 96451K, committed 97728K, reserved 1179648K
  class space    used 9453K, committed 9984K, reserved 1048576K
}
Event: 41063.484 GC heap after
{Heap after GC invocations=4079 (full 24):
 PSYoungGen      total 2560K, used 544K [0x00000000eab00000, 0x00000000eae80000, 0x0000000100000000)
  eden space 1536K, 0% used [0x00000000eab00000,0x00000000eab00000,0x00000000eac80000)
  from space 1024K, 53% used [0x00000000eac80000,0x00000000ead08020,0x00000000ead80000)
  to   space 1024K, 0% used [0x00000000ead80000,0x00000000ead80000,0x00000000eae80000)
 ParOldGen       total 148992K, used 148582K [0x00000000c0000000, 0x00000000c9180000, 0x00000000eab00000)
  object space 148992K, 99% used [0x00000000c0000000,0x00000000c9119a80,0x00000000c9180000)
 Metaspace       used 96451K, committed 97728K, reserved 1179648K
  class space    used 9453K, committed 9984K, reserved 1048576K
}
Event: 41063.488 GC heap before
{Heap before GC invocations=4080 (full 24):
 PSYoungGen      total 2560K, used 2080K [0x00000000eab00000, 0x00000000eae80000, 0x0000000100000000)
  eden space 1536K, 100% used [0x00000000eab00000,0x00000000eac80000,0x00000000eac80000)
  from space 1024K, 53% used [0x00000000eac80000,0x00000000ead08020,0x00000000ead80000)
  to   space 1024K, 0% used [0x00000000ead80000,0x00000000ead80000,0x00000000eae80000)
 ParOldGen       total 148992K, used 148582K [0x00000000c0000000, 0x00000000c9180000, 0x00000000eab00000)
  object space 148992K, 99% used [0x00000000c0000000,0x00000000c9119a80,0x00000000c9180000)
 Metaspace       used 96451K, committed 97728K, reserved 1179648K
  class space    used 9453K, committed 9984K, reserved 1048576K
}
Event: 41063.490 GC heap after
{Heap after GC invocations=4080 (full 24):
 PSYoungGen      total 2560K, used 704K [0x00000000eab00000, 0x00000000eaf00000, 0x0000000100000000)
  eden space 1536K, 0% used [0x00000000eab00000,0x00000000eab00000,0x00000000eac80000)
  from space 1024K, 68% used [0x00000000ead80000,0x00000000eae30000,0x00000000eae80000)
  to   space 1024K, 0% used [0x00000000eac80000,0x00000000eac80000,0x00000000ead80000)
 ParOldGen       total 148992K, used 148971K [0x00000000c0000000, 0x00000000c9180000, 0x00000000eab00000)
  object space 148992K, 99% used [0x00000000c0000000,0x00000000c917af40,0x00000000c9180000)
 Metaspace       used 96451K, committed 97728K, reserved 1179648K
  class space    used 9453K, committed 9984K, reserved 1048576K
}
Event: 41063.490 GC heap before
{Heap before GC invocations=4081 (full 25):
 PSYoungGen      total 2560K, used 704K [0x00000000eab00000, 0x00000000eaf00000, 0x0000000100000000)
  eden space 1536K, 0% used [0x00000000eab00000,0x00000000eab00000,0x00000000eac80000)
  from space 1024K, 68% used [0x00000000ead80000,0x00000000eae30000,0x00000000eae80000)
  to   space 1024K, 0% used [0x00000000eac80000,0x00000000eac80000,0x00000000ead80000)
 ParOldGen       total 148992K, used 148971K [0x00000000c0000000, 0x00000000c9180000, 0x00000000eab00000)
  object space 148992K, 99% used [0x00000000c0000000,0x00000000c917af40,0x00000000c9180000)
 Metaspace       used 96451K, committed 97728K, reserved 1179648K
  class space    used 9453K, committed 9984K, reserved 1048576K
}

Dll operation events (12 events):
Event: 0.088 Loaded shared library c:\Users\tiago\.vscode\extensions\redhat.java-1.35.1-win32-x64\jre\17.0.12-win32-x86_64\bin\java.dll
Event: 0.313 Loaded shared library c:\Users\tiago\.vscode\extensions\redhat.java-1.35.1-win32-x64\jre\17.0.12-win32-x86_64\bin\zip.dll
Event: 0.317 Loaded shared library C:\Users\tiago\.vscode\extensions\redhat.java-1.35.1-win32-x64\jre\17.0.12-win32-x86_64\bin\instrument.dll
Event: 0.332 Loaded shared library C:\Users\tiago\.vscode\extensions\redhat.java-1.35.1-win32-x64\jre\17.0.12-win32-x86_64\bin\net.dll
Event: 0.334 Loaded shared library C:\Users\tiago\.vscode\extensions\redhat.java-1.35.1-win32-x64\jre\17.0.12-win32-x86_64\bin\nio.dll
Event: 0.340 Loaded shared library C:\Users\tiago\.vscode\extensions\redhat.java-1.35.1-win32-x64\jre\17.0.12-win32-x86_64\bin\zip.dll
Event: 0.359 Loaded shared library C:\Users\tiago\.vscode\extensions\redhat.java-1.35.1-win32-x64\jre\17.0.12-win32-x86_64\bin\jimage.dll
Event: 0.418 Loaded shared library c:\Users\tiago\.vscode\extensions\redhat.java-1.35.1-win32-x64\jre\17.0.12-win32-x86_64\bin\verify.dll
Event: 6.112 Loaded shared library C:\Users\tiago\AppData\Roaming\Code\User\globalStorage\redhat.java\1.35.1\config_win\org.eclipse.equinox.launcher\org.eclipse.equinox.launcher.win32.win32.x86_64_1.2.1100.v20240722-2106\eclipse_11904.dll
Event: 15.559 Loaded shared library C:\Users\tiago\AppData\Local\Temp\jna-110353012\jna612085115955569062.dll
Event: 18.694 Loaded shared library C:\Users\tiago\.vscode\extensions\redhat.java-1.35.1-win32-x64\jre\17.0.12-win32-x86_64\bin\sunmscapi.dll
Event: 19.065 Loaded shared library C:\Users\tiago\.vscode\extensions\redhat.java-1.35.1-win32-x64\jre\17.0.12-win32-x86_64\bin\extnet.dll

Deoptimization events (20 events):
Event: 40964.037 Thread 0x00000284e357c650 Uncommon trap: trap_request=0xffffffde fr.pc=0x00000284d2266fe8 relative=0x0000000000000248
Event: 40964.037 Thread 0x00000284e357c650 Uncommon trap: reason=class_check action=maybe_recompile pc=0x00000284d2266fe8 method=java.util.Comparator.lambda$comparing$77a9974f$1(Ljava/util/function/Function;Ljava/lang/Object;Ljava/lang/Object;)I @ 7 c2
Event: 40964.037 Thread 0x00000284e357c650 DEOPT PACKING pc=0x00000284d2266fe8 sp=0x000000a2898fdf40
Event: 40964.037 Thread 0x00000284e357c650 DEOPT UNPACKING pc=0x00000284d19766a3 sp=0x000000a2898fde58 mode 2
Event: 40964.037 Thread 0x00000284e357c650 Uncommon trap: trap_request=0xffffffde fr.pc=0x00000284d2266fe8 relative=0x0000000000000248
Event: 40964.037 Thread 0x00000284e357c650 Uncommon trap: reason=class_check action=maybe_recompile pc=0x00000284d2266fe8 method=java.util.Comparator.lambda$comparing$77a9974f$1(Ljava/util/function/Function;Ljava/lang/Object;Ljava/lang/Object;)I @ 7 c2
Event: 40964.037 Thread 0x00000284e357c650 DEOPT PACKING pc=0x00000284d2266fe8 sp=0x000000a2898fdf40
Event: 40964.037 Thread 0x00000284e357c650 DEOPT UNPACKING pc=0x00000284d19766a3 sp=0x000000a2898fde58 mode 2
Event: 40964.037 Thread 0x00000284e357c650 Uncommon trap: trap_request=0xffffffde fr.pc=0x00000284d2266fe8 relative=0x0000000000000248
Event: 40964.037 Thread 0x00000284e357c650 Uncommon trap: reason=class_check action=maybe_recompile pc=0x00000284d2266fe8 method=java.util.Comparator.lambda$comparing$77a9974f$1(Ljava/util/function/Function;Ljava/lang/Object;Ljava/lang/Object;)I @ 7 c2
Event: 40964.037 Thread 0x00000284e357c650 DEOPT PACKING pc=0x00000284d2266fe8 sp=0x000000a2898fdf40
Event: 40964.037 Thread 0x00000284e357c650 DEOPT UNPACKING pc=0x00000284d19766a3 sp=0x000000a2898fde58 mode 2
Event: 40964.105 Thread 0x00000284e357c650 Uncommon trap: trap_request=0xffffff76 fr.pc=0x00000284d21f67d0 relative=0x0000000000000510
Event: 40964.105 Thread 0x00000284e357c650 Uncommon trap: reason=predicate action=maybe_recompile pc=0x00000284d21f67d0 method=java.util.TreeMap.getEntry(Ljava/lang/Object;)Ljava/util/TreeMap$Entry; @ 29 c2
Event: 40964.105 Thread 0x00000284e357c650 DEOPT PACKING pc=0x00000284d21f67d0 sp=0x000000a2898fe5b0
Event: 40964.105 Thread 0x00000284e357c650 DEOPT UNPACKING pc=0x00000284d19766a3 sp=0x000000a2898fe548 mode 2
Event: 40964.106 Thread 0x00000284e357c650 Uncommon trap: trap_request=0xffffffc6 fr.pc=0x00000284d2aaaa10 relative=0x0000000000000890
Event: 40964.106 Thread 0x00000284e357c650 Uncommon trap: reason=bimorphic_or_optimized_type_check action=maybe_recompile pc=0x00000284d2aaaa10 method=java.util.HashMap.computeIfAbsent(Ljava/lang/Object;Ljava/util/function/Function;)Ljava/lang/Object; @ 286 c2
Event: 40964.106 Thread 0x00000284e357c650 DEOPT PACKING pc=0x00000284d2aaaa10 sp=0x000000a2898feb60
Event: 40964.106 Thread 0x00000284e357c650 DEOPT UNPACKING pc=0x00000284d19766a3 sp=0x000000a2898feae0 mode 2

Classes loaded (20 events):
Event: 7764.464 Loading class sun/security/ssl/PreSharedKeyExtension$CHPreSharedKeySpec
Event: 7764.464 Loading class sun/security/ssl/PreSharedKeyExtension$CHPreSharedKeySpec done
Event: 7764.464 Loading class sun/security/ssl/PreSharedKeyExtension$PartialClientHelloMessage
Event: 7764.464 Loading class sun/security/ssl/PreSharedKeyExtension$PartialClientHelloMessage done
Event: 7764.464 Loading class sun/security/ssl/SSLEngineOutputRecord
Event: 7764.494 Loading class sun/security/ssl/SSLEngineOutputRecord done
Event: 7764.494 Loading class sun/security/ssl/SSLEngineOutputRecord$HandshakeFragment
Event: 7764.494 Loading class sun/security/ssl/SSLEngineOutputRecord$HandshakeFragment done
Event: 7764.494 Loading class sun/security/ssl/SSLEngineOutputRecord$HandshakeMemo
Event: 7764.495 Loading class sun/security/ssl/SSLEngineOutputRecord$RecordMemo
Event: 7764.495 Loading class sun/security/ssl/SSLEngineOutputRecord$RecordMemo done
Event: 7764.495 Loading class sun/security/ssl/SSLEngineOutputRecord$HandshakeMemo done
Event: 7764.584 Loading class sun/security/ssl/PreSharedKeyExtension$SHPreSharedKeySpec
Event: 7764.585 Loading class sun/security/ssl/PreSharedKeyExtension$SHPreSharedKeySpec done
Event: 7764.682 Loading class sun/net/www/http/KeepAliveCleanerEntry
Event: 7764.683 Loading class sun/net/www/http/KeepAliveCleanerEntry done
Event: 7764.683 Loading class sun/net/www/http/KeepAliveStream$1
Event: 7764.683 Loading class sun/net/www/http/KeepAliveStream$1 done
Event: 7764.684 Loading class sun/net/www/http/ChunkedInputStream
Event: 7764.684 Loading class sun/net/www/http/ChunkedInputStream done

Classes unloaded (20 events):
Event: 12117.633 Thread 0x00000284c78e9980 Unloading class 0x0000000100288800 'java/lang/invoke/LambdaForm$MH+0x0000000100288800'
Event: 12117.633 Thread 0x00000284c78e9980 Unloading class 0x0000000100288400 'java/lang/invoke/LambdaForm$MH+0x0000000100288400'
Event: 12117.633 Thread 0x00000284c78e9980 Unloading class 0x0000000100281400 'jdk/internal/reflect/GeneratedMethodAccessor49'
Event: 12117.634 Thread 0x00000284c78e9980 Unloading class 0x00000001009a1000 'java/lang/invoke/LambdaForm$MH+0x00000001009a1000'
Event: 12117.637 Thread 0x00000284c78e9980 Unloading class 0x00000001009b0800 'jdk/internal/reflect/GeneratedSerializationConstructorAccessor9'
Event: 12117.637 Thread 0x00000284c78e9980 Unloading class 0x00000001009b0400 'jdk/internal/reflect/GeneratedSerializationConstructorAccessor8'
Event: 12117.637 Thread 0x00000284c78e9980 Unloading class 0x00000001009b0000 'jdk/internal/reflect/GeneratedSerializationConstructorAccessor7'
Event: 12117.638 Thread 0x00000284c78e9980 Unloading class 0x0000000100406000 'java/lang/invoke/LambdaForm$MH+0x0000000100406000'
Event: 12117.638 Thread 0x00000284c78e9980 Unloading class 0x0000000100406800 'java/lang/invoke/LambdaForm$MH+0x0000000100406800'
Event: 12117.638 Thread 0x00000284c78e9980 Unloading class 0x0000000100408800 'java/lang/invoke/LambdaForm$MH+0x0000000100408800'
Event: 12117.638 Thread 0x00000284c78e9980 Unloading class 0x00000001005d0400 'java/lang/invoke/LambdaForm$MH+0x00000001005d0400'
Event: 12117.638 Thread 0x00000284c78e9980 Unloading class 0x00000001005d1400 'java/lang/invoke/LambdaForm$MH+0x00000001005d1400'
Event: 12117.638 Thread 0x00000284c78e9980 Unloading class 0x00000001005d8800 'java/lang/invoke/LambdaForm$MH+0x00000001005d8800'
Event: 12117.638 Thread 0x00000284c78e9980 Unloading class 0x00000001007c0000 'jdk/internal/reflect/GeneratedConstructorAccessor62'
Event: 23108.178 Thread 0x00000284c78e9980 Unloading class 0x0000000100288800 'jdk/internal/reflect/GeneratedSerializationConstructorAccessor12'
Event: 23108.179 Thread 0x00000284c78e9980 Unloading class 0x00000001009bcc00 'jdk/internal/reflect/GeneratedSerializationConstructorAccessor11'
Event: 23108.179 Thread 0x00000284c78e9980 Unloading class 0x00000001009bd800 'jdk/internal/reflect/GeneratedSerializationConstructorAccessor10'
Event: 41063.644 Thread 0x00000284c78e9980 Unloading class 0x00000001009bd800 'jdk/internal/reflect/GeneratedSerializationConstructorAccessor15'
Event: 41063.644 Thread 0x00000284c78e9980 Unloading class 0x00000001009bcc00 'jdk/internal/reflect/GeneratedSerializationConstructorAccessor14'
Event: 41063.644 Thread 0x00000284c78e9980 Unloading class 0x0000000100288800 'jdk/internal/reflect/GeneratedSerializationConstructorAccessor13'

Classes redefined (0 events):
No events

Internal exceptions (20 events):
Event: 23116.605 Thread 0x00000284e4111800 Exception <a 'java/lang/ArrayIndexOutOfBoundsException'{0x00000000eacdda28}> (0x00000000eacdda28) 
thrown [s\src\hotspot\share\runtime\sharedRuntime.cpp, line 631]
Event: 23117.840 Thread 0x00000284e5c949a0 Exception <a 'java/lang/ArrayIndexOutOfBoundsException'{0x00000000eac0d028}> (0x00000000eac0d028) 
thrown [s\src\hotspot\share\runtime\sharedRuntime.cpp, line 631]
Event: 23117.840 Thread 0x00000284e5c949a0 Exception <a 'java/lang/ArrayIndexOutOfBoundsException'{0x00000000eac0d640}> (0x00000000eac0d640) 
thrown [s\src\hotspot\share\runtime\sharedRuntime.cpp, line 631]
Event: 23117.840 Thread 0x00000284e5c949a0 Exception <a 'java/lang/ArrayIndexOutOfBoundsException'{0x00000000eac0d9b0}> (0x00000000eac0d9b0) 
thrown [s\src\hotspot\share\runtime\sharedRuntime.cpp, line 631]
Event: 23122.486 Thread 0x00000284e4111800 Exception <a 'java/lang/ArrayIndexOutOfBoundsException'{0x00000000eac6bd58}> (0x00000000eac6bd58) 
thrown [s\src\hotspot\share\runtime\sharedRuntime.cpp, line 631]
Event: 23122.488 Thread 0x00000284e4111800 Exception <a 'java/lang/ArrayIndexOutOfBoundsException'{0x00000000ead079a0}> (0x00000000ead079a0) 
thrown [s\src\hotspot\share\runtime\sharedRuntime.cpp, line 631]
Event: 23122.488 Thread 0x00000284e4111800 Exception <a 'java/lang/ArrayIndexOutOfBoundsException'{0x00000000ead09608}> (0x00000000ead09608) 
thrown [s\src\hotspot\share\runtime\sharedRuntime.cpp, line 631]
Event: 23122.488 Thread 0x00000284e4111800 Exception <a 'java/lang/ArrayIndexOutOfBoundsException'{0x00000000ead09b98}> (0x00000000ead09b98) 
thrown [s\src\hotspot\share\runtime\sharedRuntime.cpp, line 631]
Event: 23125.933 Thread 0x00000284e4111800 Exception <a 'java/lang/ArrayIndexOutOfBoundsException'{0x00000000eac2f340}> (0x00000000eac2f340) 
thrown [s\src\hotspot\share\runtime\sharedRuntime.cpp, line 631]
Event: 23125.935 Thread 0x00000284e4111800 Exception <a 'java/lang/ArrayIndexOutOfBoundsException'{0x00000000eacc6028}> (0x00000000eacc6028) 
thrown [s\src\hotspot\share\runtime\sharedRuntime.cpp, line 631]
Event: 23125.935 Thread 0x00000284e4111800 Exception <a 'java/lang/ArrayIndexOutOfBoundsException'{0x00000000eacc7a40}> (0x00000000eacc7a40) 
thrown [s\src\hotspot\share\runtime\sharedRuntime.cpp, line 631]
Event: 23125.935 Thread 0x00000284e4111800 Exception <a 'java/lang/ArrayIndexOutOfBoundsException'{0x00000000eacc8248}> (0x00000000eacc8248) 
thrown [s\src\hotspot\share\runtime\sharedRuntime.cpp, line 631]
Event: 23132.423 Thread 0x00000284e2efd920 Exception <a 'sun/nio/fs/WindowsException'{0x00000000eabec0f8}> (0x00000000eabec0f8) 
thrown [s\src\hotspot\share\prims\jni.cpp, line 516]
Event: 23132.443 Thread 0x00000284e2efd920 Exception <a 'sun/nio/fs/WindowsException'{0x00000000eac9fd38}> (0x00000000eac9fd38) 
thrown [s\src\hotspot\share\prims\jni.cpp, line 516]
Event: 23144.780 Thread 0x00000284e2efd920 Exception <a 'sun/nio/fs/WindowsException'{0x00000000eab1ee90}> (0x00000000eab1ee90) 
thrown [s\src\hotspot\share\prims\jni.cpp, line 516]
Event: 23144.797 Thread 0x00000284e2efd920 Exception <a 'sun/nio/fs/WindowsException'{0x00000000eac0c0b8}> (0x00000000eac0c0b8) 
thrown [s\src\hotspot\share\prims\jni.cpp, line 516]
Event: 40930.170 Thread 0x00000284e2efd920 Exception <a 'sun/nio/fs/WindowsException'{0x00000000eaca7c08}> (0x00000000eaca7c08) 
thrown [s\src\hotspot\share\prims\jni.cpp, line 516]
Event: 40930.183 Thread 0x00000284e2efd920 Exception <a 'sun/nio/fs/WindowsException'{0x00000000eacf21e0}> (0x00000000eacf21e0) 
thrown [s\src\hotspot\share\prims\jni.cpp, line 516]
Event: 40963.981 Thread 0x00000284e357c650 Exception <a 'java/lang/NoSuchMethodError'{0x00000000eac4b510}: 'int java.lang.invoke.DirectMethodHandle$Holder.invokeSpecial(java.lang.Object, java.lang.Object, java.lang.Object, java.lang.Object, java.lang.Object)'> (0x00000000eac4b510) 
thrown [s\src\hotspot\share\interpreter\linkResolver.cpp, line 759]
Event: 40964.028 Thread 0x00000284e357c650 Implicit null exception at 0x00000284d247cf2c to 0x00000284d247cf78

VM Operations (20 events):
Event: 40964.032 Executing VM operation: ParallelGCFailedAllocation done
Event: 40964.095 Executing VM operation: ParallelGCFailedAllocation
Event: 40964.098 Executing VM operation: ParallelGCFailedAllocation done
Event: 40964.337 Executing VM operation: ParallelGCFailedAllocation
Event: 40964.341 Executing VM operation: ParallelGCFailedAllocation done
Event: 40964.345 Executing VM operation: ParallelGCFailedAllocation
Event: 40964.348 Executing VM operation: ParallelGCFailedAllocation done
Event: 40964.433 Executing VM operation: ParallelGCFailedAllocation
Event: 40964.434 Executing VM operation: ParallelGCFailedAllocation done
Event: 40964.440 Executing VM operation: ParallelGCFailedAllocation
Event: 40964.443 Executing VM operation: ParallelGCFailedAllocation done
Event: 40964.447 Executing VM operation: ParallelGCFailedAllocation
Event: 40964.449 Executing VM operation: ParallelGCFailedAllocation done
Event: 40994.732 Executing VM operation: HandshakeAllThreads
Event: 40994.732 Executing VM operation: HandshakeAllThreads done
Event: 40998.735 Executing VM operation: Cleanup
Event: 40998.735 Executing VM operation: Cleanup done
Event: 41063.477 Executing VM operation: ParallelGCFailedAllocation
Event: 41063.484 Executing VM operation: ParallelGCFailedAllocation done
Event: 41063.488 Executing VM operation: ParallelGCFailedAllocation

Events (20 events):
Event: 40919.167 Thread 0x00000284e5c97220 Thread added: 0x00000284e5c97220
Event: 40919.236 Thread 0x00000284e5c98150 Thread added: 0x00000284e5c98150
Event: 40919.334 Thread 0x00000284e5c949a0 Thread added: 0x00000284e5c949a0
Event: 40919.367 Thread 0x00000284e5c962f0 Thread added: 0x00000284e5c962f0
Event: 40919.374 Thread 0x00000284e5c98660 Thread added: 0x00000284e5c98660
Event: 40926.889 Thread 0x00000284e5c99590 Thread added: 0x00000284e5c99590
Event: 40930.293 Thread 0x00000284e5c92b40 Thread added: 0x00000284e5c92b40
Event: 40930.388 Thread 0x00000284e3578ea0 Thread added: 0x00000284e3578ea0
Event: 40930.471 Thread 0x00000284e357dfa0 Thread added: 0x00000284e357dfa0
Event: 40944.265 Thread 0x00000284e3576b30 Thread added: 0x00000284e3576b30
Event: 40955.998 Thread 0x00000284e357a2e0 Thread added: 0x00000284e357a2e0
Event: 40963.740 Thread 0x00000284e357c650 Thread added: 0x00000284e357c650
Event: 40963.980 Thread 0x00000284e357d070 Thread added: 0x00000284e357d070
Event: 40964.074 Thread 0x00000284e5fdd440 Thread added: 0x00000284e5fdd440
Event: 40969.437 Thread 0x00000284e5fdd440 Thread exited: 0x00000284e5fdd440
Event: 40990.364 Thread 0x00000284e5c92b40 Thread exited: 0x00000284e5c92b40
Event: 41024.430 Thread 0x00000284e357c650 Thread exited: 0x00000284e357c650
Event: 41058.057 Thread 0x00000284e3578ea0 Thread exited: 0x00000284e3578ea0
Event: 41063.474 Thread 0x00000284e357dfa0 Thread exited: 0x00000284e357dfa0
Event: 41063.474 Thread 0x00000284e357dfa0 Thread added: 0x00000284e357dfa0


Dynamic libraries:
0x00007ff685820000 - 0x00007ff68582e000 	c:\Users\tiago\.vscode\extensions\redhat.java-1.35.1-win32-x64\jre\17.0.12-win32-x86_64\bin\java.exe
0x00007fffc8150000 - 0x00007fffc8367000 	C:\Windows\SYSTEM32\ntdll.dll
0x00007fffc7ad0000 - 0x00007fffc7b94000 	C:\Windows\System32\KERNEL32.DLL
0x00007fffc5470000 - 0x00007fffc581d000 	C:\Windows\System32\KERNELBASE.dll
0x00007fffc5d60000 - 0x00007fffc5e71000 	C:\Windows\System32\ucrtbase.dll
0x00007fffb2040000 - 0x00007fffb205b000 	c:\Users\tiago\.vscode\extensions\redhat.java-1.35.1-win32-x64\jre\17.0.12-win32-x86_64\bin\VCRUNTIME140.dll
0x00007fffb3790000 - 0x00007fffb37a7000 	c:\Users\tiago\.vscode\extensions\redhat.java-1.35.1-win32-x64\jre\17.0.12-win32-x86_64\bin\jli.dll
0x00007fffc7260000 - 0x00007fffc740e000 	C:\Windows\System32\USER32.dll
0x00007fffc5a60000 - 0x00007fffc5a86000 	C:\Windows\System32\win32u.dll
0x00007fffbc680000 - 0x00007fffbc913000 	C:\Windows\WinSxS\amd64_microsoft.windows.common-controls_6595b64144ccf1df_6.0.22621.3672_none_2713b9d173822955\COMCTL32.dll
0x00007fffc76a0000 - 0x00007fffc76c9000 	C:\Windows\System32\GDI32.dll
0x00007fffc7470000 - 0x00007fffc7517000 	C:\Windows\System32\msvcrt.dll
0x00007fffc5a90000 - 0x00007fffc5ba9000 	C:\Windows\System32\gdi32full.dll
0x00007fffc5990000 - 0x00007fffc5a2a000 	C:\Windows\System32\msvcp_win.dll
0x00007fffc7530000 - 0x00007fffc7561000 	C:\Windows\System32\IMM32.DLL
0x00007fffb4770000 - 0x00007fffb477c000 	c:\Users\tiago\.vscode\extensions\redhat.java-1.35.1-win32-x64\jre\17.0.12-win32-x86_64\bin\vcruntime140_1.dll
0x00007fff4fb80000 - 0x00007fff4fc0d000 	c:\Users\tiago\.vscode\extensions\redhat.java-1.35.1-win32-x64\jre\17.0.12-win32-x86_64\bin\msvcp140.dll
0x00007fff11f50000 - 0x00007fff12bba000 	c:\Users\tiago\.vscode\extensions\redhat.java-1.35.1-win32-x64\jre\17.0.12-win32-x86_64\bin\server\jvm.dll
0x00007fffc75d0000 - 0x00007fffc7682000 	C:\Windows\System32\ADVAPI32.dll
0x00007fffc77b0000 - 0x00007fffc7859000 	C:\Windows\System32\sechost.dll
0x00007fffc5a30000 - 0x00007fffc5a58000 	C:\Windows\System32\bcrypt.dll
0x00007fffc7e90000 - 0x00007fffc7fa4000 	C:\Windows\System32\RPCRT4.dll
0x00007fffc70c0000 - 0x00007fffc7131000 	C:\Windows\System32\WS2_32.dll
0x00007fffc42e0000 - 0x00007fffc432d000 	C:\Windows\SYSTEM32\POWRPROF.dll
0x00007fffc09f0000 - 0x00007fffc0a24000 	C:\Windows\SYSTEM32\WINMM.dll
0x00007fffbe4b0000 - 0x00007fffbe4ba000 	C:\Windows\SYSTEM32\VERSION.dll
0x00007fffc42c0000 - 0x00007fffc42d3000 	C:\Windows\SYSTEM32\UMPDC.dll
0x00007fffc4570000 - 0x00007fffc4588000 	C:\Windows\SYSTEM32\kernel.appcore.dll
0x00007fffac680000 - 0x00007fffac68a000 	c:\Users\tiago\.vscode\extensions\redhat.java-1.35.1-win32-x64\jre\17.0.12-win32-x86_64\bin\jimage.dll
0x00007fffc2de0000 - 0x00007fffc3012000 	C:\Windows\SYSTEM32\DBGHELP.DLL
0x00007fffc64c0000 - 0x00007fffc684e000 	C:\Windows\System32\combase.dll
0x00007fffc7960000 - 0x00007fffc7a37000 	C:\Windows\System32\OLEAUT32.dll
0x00007fffb4720000 - 0x00007fffb4752000 	C:\Windows\SYSTEM32\dbgcore.DLL
0x00007fffc5c20000 - 0x00007fffc5c9b000 	C:\Windows\System32\bcryptPrimitives.dll
0x00007fffab440000 - 0x00007fffab44e000 	c:\Users\tiago\.vscode\extensions\redhat.java-1.35.1-win32-x64\jre\17.0.12-win32-x86_64\bin\instrument.dll
0x00007fff8bbb0000 - 0x00007fff8bbd5000 	c:\Users\tiago\.vscode\extensions\redhat.java-1.35.1-win32-x64\jre\17.0.12-win32-x86_64\bin\java.dll
0x00007fffac3f0000 - 0x00007fffac408000 	c:\Users\tiago\.vscode\extensions\redhat.java-1.35.1-win32-x64\jre\17.0.12-win32-x86_64\bin\zip.dll
0x00007fffc6850000 - 0x00007fffc70b7000 	C:\Windows\System32\SHELL32.dll
0x00007fffc33b0000 - 0x00007fffc3caf000 	C:\Windows\SYSTEM32\windows.storage.dll
0x00007fffc3270000 - 0x00007fffc33af000 	C:\Windows\SYSTEM32\wintypes.dll
0x00007fffc7860000 - 0x00007fffc7959000 	C:\Windows\System32\SHCORE.dll
0x00007fffc7570000 - 0x00007fffc75ce000 	C:\Windows\System32\shlwapi.dll
0x00007fffc53a0000 - 0x00007fffc53c7000 	C:\Windows\SYSTEM32\profapi.dll
0x00007fffab400000 - 0x00007fffab419000 	C:\Users\tiago\.vscode\extensions\redhat.java-1.35.1-win32-x64\jre\17.0.12-win32-x86_64\bin\net.dll
0x00007fffc1d30000 - 0x00007fffc1e66000 	C:\Windows\SYSTEM32\WINHTTP.dll
0x00007fffc49e0000 - 0x00007fffc4a49000 	C:\Windows\system32\mswsock.dll
0x00007fffa8060000 - 0x00007fffa8076000 	C:\Users\tiago\.vscode\extensions\redhat.java-1.35.1-win32-x64\jre\17.0.12-win32-x86_64\bin\nio.dll
0x00007fffab1b0000 - 0x00007fffab1c0000 	c:\Users\tiago\.vscode\extensions\redhat.java-1.35.1-win32-x64\jre\17.0.12-win32-x86_64\bin\verify.dll
0x00007fff83870000 - 0x00007fff838b5000 	C:\Users\tiago\AppData\Roaming\Code\User\globalStorage\redhat.java\1.35.1\config_win\org.eclipse.equinox.launcher\org.eclipse.equinox.launcher.win32.win32.x86_64_1.2.1100.v20240722-2106\eclipse_11904.dll
0x00007fffc5e80000 - 0x00007fffc6025000 	C:\Windows\System32\ole32.dll
0x00007fffc4c10000 - 0x00007fffc4c2b000 	C:\Windows\SYSTEM32\CRYPTSP.dll
0x00007fffc44d0000 - 0x00007fffc4505000 	C:\Windows\system32\rsaenh.dll
0x00007fffc4aa0000 - 0x00007fffc4ac8000 	C:\Windows\SYSTEM32\USERENV.dll
0x00007fffc4c00000 - 0x00007fffc4c0c000 	C:\Windows\SYSTEM32\CRYPTBASE.dll
0x00007fffc3f80000 - 0x00007fffc3fad000 	C:\Windows\SYSTEM32\IPHLPAPI.DLL
0x00007fffc7520000 - 0x00007fffc7529000 	C:\Windows\System32\NSI.dll
0x00007fffc1c50000 - 0x00007fffc1c69000 	C:\Windows\SYSTEM32\dhcpcsvc6.DLL
0x00007fffc1c30000 - 0x00007fffc1c4f000 	C:\Windows\SYSTEM32\dhcpcsvc.DLL
0x00007fffc3fb0000 - 0x00007fffc40a8000 	C:\Windows\SYSTEM32\DNSAPI.dll
0x00007fff72410000 - 0x00007fff72459000 	C:\Users\tiago\AppData\Local\Temp\jna-110353012\jna612085115955569062.dll
0x00007fffc7690000 - 0x00007fffc7698000 	C:\Windows\System32\PSAPI.DLL
0x00007fffab000000 - 0x00007fffab00e000 	C:\Users\tiago\.vscode\extensions\redhat.java-1.35.1-win32-x64\jre\17.0.12-win32-x86_64\bin\sunmscapi.dll
0x00007fffc5820000 - 0x00007fffc5986000 	C:\Windows\System32\CRYPT32.dll
0x00007fffc4e30000 - 0x00007fffc4e5e000 	C:\Windows\SYSTEM32\ncrypt.dll
0x00007fffc4df0000 - 0x00007fffc4e27000 	C:\Windows\SYSTEM32\NTASN1.dll
0x00007fffc0c90000 - 0x00007fffc0c9a000 	C:\Windows\System32\rasadhlp.dll
0x00007fffc0ca0000 - 0x00007fffc0d23000 	C:\Windows\System32\fwpuclnt.dll
0x00007fffa87b0000 - 0x00007fffa87b9000 	C:\Users\tiago\.vscode\extensions\redhat.java-1.35.1-win32-x64\jre\17.0.12-win32-x86_64\bin\extnet.dll

dbghelp: loaded successfully - version: 4.0.5 - missing functions: none
symbol engine: initialized successfully - sym options: 0x614 - pdb path: .;c:\Users\tiago\.vscode\extensions\redhat.java-1.35.1-win32-x64\jre\17.0.12-win32-x86_64\bin;C:\Windows\SYSTEM32;C:\Windows\WinSxS\amd64_microsoft.windows.common-controls_6595b64144ccf1df_6.0.22621.3672_none_2713b9d173822955;c:\Users\tiago\.vscode\extensions\redhat.java-1.35.1-win32-x64\jre\17.0.12-win32-x86_64\bin\server;C:\Users\tiago\AppData\Roaming\Code\User\globalStorage\redhat.java\1.35.1\config_win\org.eclipse.equinox.launcher\org.eclipse.equinox.launcher.win32.win32.x86_64_1.2.1100.v20240722-2106;C:\Users\tiago\AppData\Local\Temp\jna-110353012

VM Arguments:
jvm_args: --add-modules=ALL-SYSTEM --add-opens=java.base/java.util=ALL-UNNAMED --add-opens=java.base/java.lang=ALL-UNNAMED --add-opens=java.base/sun.nio.fs=ALL-UNNAMED -Declipse.application=org.eclipse.jdt.ls.core.id1 -Dosgi.bundles.defaultStartLevel=4 -Declipse.product=org.eclipse.jdt.ls.core.product -Djava.import.generatesMetadataFilesAtProjectRoot=false -DDetectVMInstallationsJob.disabled=true -Dfile.encoding=utf8 -XX:+UseParallelGC -XX:GCTimeRatio=4 -XX:AdaptiveSizePolicyWeight=90 -Dsun.zip.disableMemoryMapping=true -Xmx1G -Xms100m -Xlog:disable -javaagent:c:\Users\tiago\.vscode\extensions\redhat.java-1.35.1-win32-x64\lombok\lombok-1.18.33.jar -XX:+HeapDumpOnOutOfMemoryError -XX:HeapDumpPath=c:\Users\tiago\AppData\Roaming\Code\User\workspaceStorage\d55c5b0a1ce40f9e1d8919e6635a25f2\redhat.java -Daether.dependencyCollector.impl=bf 
java_command: c:\Users\tiago\.vscode\extensions\redhat.java-1.35.1-win32-x64\server\plugins\org.eclipse.equinox.launcher_1.6.900.v20240613-2009.jar -configuration c:\Users\tiago\AppData\Roaming\Code\User\globalStorage\redhat.java\1.35.1\config_win -data c:\Users\tiago\AppData\Roaming\Code\User\workspaceStorage\d55c5b0a1ce40f9e1d8919e6635a25f2\redhat.java\jdt_ws --pipe=\\.\pipe\lsp-ac31cb10eae56c52ef5a38816bbb567b-sock
java_class_path (initial): c:\Users\tiago\.vscode\extensions\redhat.java-1.35.1-win32-x64\server\plugins\org.eclipse.equinox.launcher_1.6.900.v20240613-2009.jar
Launcher Type: SUN_STANDARD

[Global flags]
    uintx AdaptiveSizePolicyWeight                 = 90                                        {product} {command line}
     intx CICompilerCount                          = 12                                        {product} {ergonomic}
    uintx GCTimeRatio                              = 4                                         {product} {command line}
     bool HeapDumpOnOutOfMemoryError               = true                                   {manageable} {command line}
    ccstr HeapDumpPath                             = c:\Users\tiago\AppData\Roaming\Code\User\workspaceStorage\d55c5b0a1ce40f9e1d8919e6635a25f2\redhat.java         {manageable} {command line}
   size_t InitialHeapSize                          = 104857600                                 {product} {command line}
   size_t MaxHeapSize                              = 1073741824                                {product} {command line}
   size_t MaxNewSize                               = 357564416                                 {product} {ergonomic}
   size_t MinHeapDeltaBytes                        = 524288                                    {product} {ergonomic}
   size_t MinHeapSize                              = 104857600                                 {product} {command line}
   size_t NewSize                                  = 34603008                                  {product} {ergonomic}
    uintx NonNMethodCodeHeapSize                   = 7602480                                {pd product} {ergonomic}
    uintx NonProfiledCodeHeapSize                  = 122027880                              {pd product} {ergonomic}
   size_t OldSize                                  = 70254592                                  {product} {ergonomic}
    uintx ProfiledCodeHeapSize                     = 122027880                              {pd product} {ergonomic}
    uintx ReservedCodeCacheSize                    = 251658240                              {pd product} {ergonomic}
     bool SegmentedCodeCache                       = true                                      {product} {ergonomic}
   size_t SoftMaxHeapSize                          = 1073741824                             {manageable} {ergonomic}
     bool UseCompressedClassPointers               = true                           {product lp64_product} {ergonomic}
     bool UseCompressedOops                        = true                           {product lp64_product} {ergonomic}
     bool UseLargePagesIndividualAllocation        = false                                  {pd product} {ergonomic}
     bool UseParallelGC                            = true                                      {product} {command line}

Logging:
Log output configuration:
 #0: stdout all=off uptime,level,tags
 #1: stderr all=off uptime,level,tags

Environment Variables:
PATH=C:\Program Files\Common Files\Oracle\Java\javapath;C:\Program Files (x86)\Common Files\Oracle\Java\javapath;C:\Windows\system32;C:\Windows;C:\Windows\System32\Wbem;C:\Windows\System32\WindowsPowerShell\v1.0\;C:\Windows\System32\OpenSSH\;C:\Program Files (x86)\NVIDIA Corporation\PhysX\Common;C:\Program Files\NVIDIA Corporation\NVIDIA NvDLISR;C:\Program Files\dotnet\;C:\Program Files\Git\cmd;C:\Program Files\Docker\Docker\resources\bin;C:\Program Files\PostgreSQL\16\bin;C:\Program Files\R\R-4.4.0\bin;C:\Program Files\Java\jdk-21\bin;C:\Program Files\MySQL\MySQL Shell 8.0\bin\;C:\Users\tiago\AppData\Local\Microsoft\WindowsApps;C:\Users\tiago\AppData\Local\Programs\Microsoft VS Code\bin;C:\Users\tiago\.dotnet\tools;C:\Users\tiago\AppData\Local\GitHubDesktop\bin
USERNAME=tiago
OS=Windows_NT
PROCESSOR_IDENTIFIER=AMD64 Family 25 Model 68 Stepping 1, AuthenticAMD
TMP=C:\Users\tiago\AppData\Local\Temp
TEMP=C:\Users\tiago\AppData\Local\Temp



Periodic native trim disabled


---------------  S Y S T E M  ---------------

OS:
 Windows 11 , 64 bit Build 22621 (10.0.22621.3958)
OS uptime: 14 days 14:45 hours
Hyper-V role detected

CPU: total 16 (initial active 16) (16 cores per cpu, 2 threads per core) family 25 model 68 stepping 1 microcode 0x0, cx8, cmov, fxsr, ht, mmx, 3dnowpref, sse, sse2, sse3, ssse3, sse4a, sse4.1, sse4.2, popcnt, lzcnt, tsc, tscinvbit, avx, avx2, aes, erms, clmul, bmi1, bmi2, adx, sha, fma, vzeroupper, clflush, clflushopt, hv
Processor Information for all 16 processors :
  Max Mhz: 3201, Current Mhz: 3201, Mhz Limit: 3201

Memory: 4k page, system-wide physical 7418M (290M free)
TotalPageFile size 29946M (AvailPageFile size 11628M)
current process WorkingSet (physical memory assigned to process): 280M, peak: 609M
current process commit charge ("private bytes"): 489M, peak: 767M

vm_info: OpenJDK 64-Bit Server VM (17.0.12+7) for windows-amd64 JRE (17.0.12+7), built on Jul 16 2024 22:08:24 by "admin" with MS VC++ 16.10 / 16.11 (VS2019)

END.
